<?xml version="1.0" encoding="UTF-8"?>
<testng-results skipped="0" failed="0" ignored="0" total="1" passed="1">
  <reporter-output>
  </reporter-output>
  <suite name="Surefire suite" duration-ms="9501" started-at="2021-11-22T15:31:59 EST" finished-at="2021-11-22T15:32:08 EST">
    <groups>
    </groups>
    <test name="Surefire test" duration-ms="9501" started-at="2021-11-22T15:31:59 EST" finished-at="2021-11-22T15:32:08 EST">
      <class name="UITest">
        <test-method status="PASS" signature="test1()[pri:0, instance:UITest@32709393]" name="test1" duration-ms="9461" started-at="2021-11-22T15:31:59 EST" finished-at="2021-11-22T15:32:08 EST">
          <reporter-output>
          </reporter-output>
        </test-method> <!-- test1 -->
      </class> <!-- UITest -->
    </test> <!-- Surefire test -->
  </suite> <!-- Surefire suite -->
</testng-results>
