<?xml version="1.0" encoding="UTF-8"?>
<testng-results ignored="0" total="1" passed="1" failed="0" skipped="0">
  <reporter-output>
  </reporter-output>
  <suite started-at="2021-11-22T15:21:41 EST" name="Default suite" finished-at="2021-11-22T15:21:50 EST" duration-ms="9893">
    <groups>
    </groups>
    <test started-at="2021-11-22T15:21:41 EST" name="Default test" finished-at="2021-11-22T15:21:50 EST" duration-ms="9893">
      <class name="UITest">
        <test-method signature="test1()[pri:0, instance:UITest@4a7f959b]" started-at="2021-11-22T15:21:41 EST" name="test1" finished-at="2021-11-22T15:21:50 EST" duration-ms="9855" status="PASS">
          <reporter-output>
          </reporter-output>
        </test-method> <!-- test1 -->
      </class> <!-- UITest -->
    </test> <!-- Default test -->
  </suite> <!-- Default suite -->
</testng-results>
